
--- Job WASH-CEE6410.gms Start 10/30/25 22:39:31 51.1.0 2d039df5 WEX-WEI x86 64bit/MS Windows
--- Applying:
    C:\GAMS\51\gmsprmNT.txt
    C:\Users\Skool\OneDrive - USU\Documents\GAMS\gamsconfig.yaml
--- GAMS Parameters defined
    Input "C:\Users\Skool\OneDrive - USU\2025 Fall\6410 - System Analysis\gms files\HW7\WASH-CEE6410.gms"
    PageSize 0
    ScrDir "C:\Users\Skool\OneDrive - USU\2025 Fall\6410 - System Analysis\gms files\HW7\225a\"
    SysDir C:\GAMS\51\
    LogOption 3
    AppendLog 1
    ErrMsg 1
    ErrorLog 99
    IDE 1
    LstTitleLeftAligned 1
Licensee: Course License                                 G250902+0003Ac-GEN
          Utah State University                                     DCE4709
          225a\gamslice.dat
          node:22724503 mem:16 cores:4 ipport:54151 uses:0@0 v:2           
          Course license for use within the course and related course work
          The expiration date of time-limited license is Dec 31, 2025
System information: 4 physical cores and 16 Gb physical memory detected
GAMS 51.1.0   Copyright (C) 1987-2025 GAMS Development. All rights reserved
--- Starting compilation
--- WASH-CEE6410.gms(216) 2 Mb
--- call GDXXRW.EXE input=WASH_1yr_InputData.xlsx output=WASH-Data.gdx  Set=t rng=Month!A1:A12 Rdim=1  Set=s rng=SubInd!A1:A100 Rdim=1 set=y rng=FishSpp!A1:A10 Rdim=1 set=n rng=VegSpp!A1:A10 Rdim=1 Set=j rng=Nodes!A1:A100 Rdim=1 Set=wt rng=Wetlands!A1:A100 Rdim=1 Set=dem rng=Demand!A1:A100 Rdim=1  set=NodeNotDemandSite  rng=NodesNotDemand!A1:A100 Rdim=1 set=NodeNotHeadwater  rng=NodeNotHeadwater!A1:A100 Rdim=1  Set=v rng=Reservoirs!A1:A100 Rdim=1 Set=rsi_indx rng=rsiIndex!A1:A10 Rdim=1  Set=fci_indx rng=fciIndex!A1:A10 Rdim=1 par=LinkID  rng=LinkName!A1 Rdim=2   par=rsi_par rng=rsiEQ!A1 Rdim=3 Cdim=1  par=fci_par rng=fciEQ!A1 Rdim=3 Cdim=1 par=envSiteExist rng=EnvSite!A1 Rdim=1 Cdim=1  par=DiversionExist rng=Diversions!A1 Rdim=1 Cdim=1   par=returnFlowExist rng=ReturnFlow!A1 Rdim=1 Cdim=1 par=WetlandsExist rng=WetlandsSites!A1 Rdim=1 Cdim=1 par=LinktoReservoir rng=LinktoReservoir!A1 Rdim=1 Cdim=1 par=LinkOutReservoir rng=LinkOutReservoir!A1 Rdim=1 Cdim=1   Set=RA_par_indx rng=R_indx!A1 Rdim=1  Set=sf_par_indx rng=sf_indx!A1:A10 Rdim=1  Set=wf_par_indx rng=wf_indx!A1:A10 Rdim=1 Set=wsi_par_indx rng=wsi_indx!A1:A10 Rdim=1 par=reachGain rng=HeadFlow!A1 Rdim=1 Cdim=1   par=wght rng=weights!A1 Cdim=1 Rdim=3  par=aw rng=AW!A1 Rdim=3  par=lss rng=lss!A1 Rdim=2 Cdim=1 par=evap rng=evap!A1 Rdim=1 Cdim=1  par=linkEvap  rng=linkEvap!A1  Rdim=2  Cdim=1  par=RA_par rng=ResElevVol!A1 Rdim=1 Cdim=1  par=Qsim  rng=QSim!A1 Rdim=2 Cdim=1   par=Qmin  rng=Qmin!A1 Rdim=2 Cdim=1  par=Qmax  rng=Qmax!A1 Rdim=2 Cdim=1  par=Cons rng=Cons!A1 Rdim=1 Cdim=1 par=lng rng=Length!A1 Rdim=2   par=minstor rng=inactive!A1 Rdim=1  par=maxstor rng=capacity!A1 Rdim=1  par=dReqBase rng=demandReq!A1 Rdim=1 Cdim=1 par=dCap rng=divCap!A1 Rdim=2  par=instreamReq   rng=Instream!A1 Rdim=2 Cdim=1  par=cst rng=UnitCost!A1 Rdim=1  par=Linkexist rng=Connect!A1 Rdim=1 Cdim=1  par=sf_par rng=StageFlow!A1 Rdim=2 Cdim=1 par=wf_par rng=WidthFlow!A1 Rdim=2 Cdim=1   par=wsi_par rng=wp!A1 Rdim=3 Cdim=1  par=b rng=Budget!A1 Rdim=0   par=InitSTOR rng=InStor!A1 Rdim=1   par=InitD rng=InitD!A1 Rdim=2  par=InitC rng=InitC!A1 Rdim=2  par=CMax   rng=CMax!A1 Rdim=2   par=SimLink  rng=SimLinks!A1 Rdim=2  par=LinkExistSim   rng=Connect_sim!A1 Cdim=1  Rdim=1  set= MassBalanceNodes rng=MassBalanceNodes!A1  Rdim=1  Set=run  rng=Runs!A1 Rdim=1   par=DValue  rng=DemandRuns!A1  Rdim=1    set=Qrun  rng=Qrun!A1  Rdim=1   par=QLoop   rng=QRunValues!A1  Rdim=1  par=g rng=NaturalGrowth!A1  Rdim=3  Cdim=1   par=maxrv  rng=Revegetate!A1 Rdim=3 Cdim=1   par=minrv

GDXXRW           51.1.0 2d039df5 Sep 13, 2025          WEI x86 64bit/MS Window
Input file : C:\Users\Skool\OneDrive - USU\2025 Fall\6410 - System Analysis\gms files\HW7\WASH_1yr_InputData.xlsx
Output file: C:\Users\Skool\OneDrive - USU\2025 Fall\6410 - System Analysis\gms files\HW7\WASH-Data.gdx
Total time = 7218 Ms
--- WASH-CEE6410.gms(234) 2 Mb
--- GDXin=C:\Users\Skool\OneDrive - USU\2025 Fall\6410 - System Analysis\gms files\HW7\WASH-Data.gdx
--- GDX File ($gdxIn) C:\Users\Skool\OneDrive - USU\2025 Fall\6410 - System Analysis\gms files\HW7\WASH-Data.gdx
--- WASH-CEE6410.gms(522) 3 Mb
--- $echo File C:\Users\Skool\OneDrive - USU\2025 Fall\6410 - System Analysis\gms files\HW7\baron.opt
--- WASH-CEE6410.gms(1175) 3 Mb
--- Starting execution: elapsed 0:00:07.550
--- WASH-CEE6410.gms(517) 4 Mb
--- Generating NLP model WASH
--- WASH-CEE6410.gms(547) 8 Mb
---   5,316 rows  4,741 columns  10,556 non-zeroes
---   4,098 nl-code  996 nl-non-zeroes
--- Range statistics (absolute non-zero finite values)
--- RHS       [min, max] : [ 2.000E-02, 1.000E+05] - Zero values observed as well
--- Bound     [min, max] : [ 2.234E-01, 2.451E+02] - Zero values observed as well
--- Matrix    [min, max] : [ 2.329E-05, 1.000E+02] - Zero values observed as well
--- WASH-CEE6410.gms(547) 6 Mb
--- Executing CONOPT (Solvelink=2): elapsed 0:00:07.744

CONOPT 4         51.1.0 2d039df5 Sep 13, 2025          WEI x86 64bit/MS Window

 
 
    C O N O P T   version 4.38.1
    Copyright (C) GAMS Software GmbH
                  GAMS Development Corporation
 
    Will use up to 4 threads.
 
 
    The user model has 5316 constraints and 4741 variables
    with 10556 Jacobian elements, 996 of which are nonlinear.
    The Hessian of the Lagrangian has 372 elements on the diagonal,
    312 elements below the diagonal, and 996 nonlinear variables.
 
    Iter Phase   Ninf   Infeasibility   RGmax      NSB   Step  InItr MX OK
       0   0          7.6562785406E+03 (Input point)
 
    The pre-triangular part of the model has 2101 constraints and 1175 variables.
    The post-triangular part of the model has 2793 constraints and variables.
 
    Preprocessed model has 422 constraints and 773 variables
    with 1291 Jacobian elements, 14 of which are nonlinear.
 
    Iter Phase   Ninf   Infeasibility   RGmax      NSB   Step  InItr MX OK
                      2.9586523428E+02 (Full preprocessed model)
                      3.0397038408E+01 (After scaling)
                      1.1225208249E+01 (After adjusting individual variables)
       1   0          9.3037328023E+00                 1.0E+00     3 T  T
       2   0          9.3036495499E+00                 1.0E+00     1 T  T
       3   1       8  2.5717079071E+00 1.0E+00      30 1.0E+00    25 T  T
       4   1       2  4.2029773828E-01 1.0E+00      24 1.0E+00    23 T  T
       5   1       1  4.4802714323E-02 1.0E+00       3 1.0E+00     4 T  T
 
 ** Feasible solution. Value of objective =    103.484434266
 
    Iter Phase   Ninf     Objective     RGmax      NSB   Step  InItr MX OK
       6   3          1.1979568603E+02 3.1E+00      22 1.0E+00    24 T  T
       7   3          1.3619262444E+02 1.8E+00      33 1.0E+00    34 T  T
       8   3          1.5508917301E+02 2.5E-01      65 1.0E+00    41 T  T
       9   3          1.5579624746E+02 2.3E-02      18 1.0E+00     9 T  T
      10   3          1.5587096817E+02 6.2E-02       4 6.3E-01     3 F  T
      11   4          1.5587196046E+02 4.0E-03       4 6.0E-01     5 F  T
      12   4          1.5587198719E+02 1.6E-03       4 1.0E+00     3 F  T
      13   4          1.5587198722E+02 2.7E-05       4 1.0E+00     3 F  T
      14   4          1.5587198722E+02 1.2E-06       4 1.0E+00     1 F  T
      15   4          1.5587198722E+02 4.2E-08       4
 
 ** Optimal solution. Reduced gradient less than tolerance.
 
--- Reading solution for model WASH
--- Executing after solve: elapsed 0:00:08.046
--- WASH-CEE6410.gms(576) 6 Mb
--- GDX File (execute_unload) C:\Users\Skool\OneDrive - USU\2025 Fall\6410 - System Analysis\gms files\HW7\WASH-solution.gdx
--- WASH-CEE6410.gms(579) 6 Mb

GDXXRW           51.1.0 2d039df5 Sep 13, 2025          WEI x86 64bit/MS Window
Input file : C:\Users\Skool\OneDrive - USU\2025 Fall\6410 - System Analysis\gms files\HW7\WASH-solution.gdx
Output file: C:\Users\Skool\OneDrive - USU\2025 Fall\6410 - System Analysis\gms files\HW7\WASH-solution.xlsx
Writing to an .XLSX file while there is also a file with the same name with an .XLS file extension
Use the option "Output" to override the default output file
Total time = 3672 Ms
*** Status: Normal completion
--- Job WASH-CEE6410.gms Stop 10/30/25 22:39:43 elapsed 0:00:11.917
Cannot delete directory: 225a
Cannot delete directory: 225a
Cannot delete directory: 225a
Cannot delete directory: 225a
Cannot delete directory: 225a
*** Error: Cannot delete process directory: 225a
