
--- Job WASH-CEE6410.gms Start 10/30/25 23:23:42 51.1.0 2d039df5 WEX-WEI x86 64bit/MS Windows
--- Applying:
    C:\GAMS\51\gmsprmNT.txt
    C:\Users\Skool\OneDrive - USU\Documents\GAMS\gamsconfig.yaml
--- GAMS Parameters defined
    Input "C:\Users\Skool\OneDrive - USU\2025 Fall\6410 - System Analysis\gms files\HW7\WASH-CEE6410.gms"
    PageSize 0
    ScrDir "C:\Users\Skool\OneDrive - USU\2025 Fall\6410 - System Analysis\gms files\HW7\225c\"
    SysDir C:\GAMS\51\
    LogOption 3
    AppendLog 1
    ErrMsg 1
    ErrorLog 99
    IDE 1
    LstTitleLeftAligned 1
Licensee: Course License                                 G250902+0003Ac-GEN
          Utah State University                                     DCE4709
          225c\gamslice.dat
          node:22724503 mem:16 cores:4 ipport:56724 uses:0@0 v:2           
          Course license for use within the course and related course work
          The expiration date of time-limited license is Dec 31, 2025
System information: 4 physical cores and 16 Gb physical memory detected
GAMS 51.1.0   Copyright (C) 1987-2025 GAMS Development. All rights reserved
--- Starting compilation
--- WASH-CEE6410.gms(216) 2 Mb
--- call GDXXRW.EXE input=WASH_1yr_InputData.xlsx output=WASH-Data.gdx  Set=t rng=Month!A1:A12 Rdim=1  Set=s rng=SubInd!A1:A100 Rdim=1 set=y rng=FishSpp!A1:A10 Rdim=1 set=n rng=VegSpp!A1:A10 Rdim=1 Set=j rng=Nodes!A1:A100 Rdim=1 Set=wt rng=Wetlands!A1:A100 Rdim=1 Set=dem rng=Demand!A1:A100 Rdim=1  set=NodeNotDemandSite  rng=NodesNotDemand!A1:A100 Rdim=1 set=NodeNotHeadwater  rng=NodeNotHeadwater!A1:A100 Rdim=1  Set=v rng=Reservoirs!A1:A100 Rdim=1 Set=rsi_indx rng=rsiIndex!A1:A10 Rdim=1  Set=fci_indx rng=fciIndex!A1:A10 Rdim=1 par=LinkID  rng=LinkName!A1 Rdim=2   par=rsi_par rng=rsiEQ!A1 Rdim=3 Cdim=1  par=fci_par rng=fciEQ!A1 Rdim=3 Cdim=1 par=envSiteExist rng=EnvSite!A1 Rdim=1 Cdim=1  par=DiversionExist rng=Diversions!A1 Rdim=1 Cdim=1   par=returnFlowExist rng=ReturnFlow!A1 Rdim=1 Cdim=1 par=WetlandsExist rng=WetlandsSites!A1 Rdim=1 Cdim=1 par=LinktoReservoir rng=LinktoReservoir!A1 Rdim=1 Cdim=1 par=LinkOutReservoir rng=LinkOutReservoir!A1 Rdim=1 Cdim=1   Set=RA_par_indx rng=R_indx!A1 Rdim=1  Set=sf_par_indx rng=sf_indx!A1:A10 Rdim=1  Set=wf_par_indx rng=wf_indx!A1:A10 Rdim=1 Set=wsi_par_indx rng=wsi_indx!A1:A10 Rdim=1 par=reachGain rng=HeadFlow!A1 Rdim=1 Cdim=1   par=wght rng=weights!A1 Cdim=1 Rdim=3  par=aw rng=AW!A1 Rdim=3  par=lss rng=lss!A1 Rdim=2 Cdim=1 par=evap rng=evap!A1 Rdim=1 Cdim=1  par=linkEvap  rng=linkEvap!A1  Rdim=2  Cdim=1  par=RA_par rng=ResElevVol!A1 Rdim=1 Cdim=1  par=Qsim  rng=QSim!A1 Rdim=2 Cdim=1   par=Qmin  rng=Qmin!A1 Rdim=2 Cdim=1  par=Qmax  rng=Qmax!A1 Rdim=2 Cdim=1  par=Cons rng=Cons!A1 Rdim=1 Cdim=1 par=lng rng=Length!A1 Rdim=2   par=minstor rng=inactive!A1 Rdim=1  par=maxstor rng=capacity!A1 Rdim=1  par=dReqBase rng=demandReq!A1 Rdim=1 Cdim=1 par=dCap rng=divCap!A1 Rdim=2  par=instreamReq   rng=Instream!A1 Rdim=2 Cdim=1  par=cst rng=UnitCost!A1 Rdim=1  par=Linkexist rng=Connect!A1 Rdim=1 Cdim=1  par=sf_par rng=StageFlow!A1 Rdim=2 Cdim=1 par=wf_par rng=WidthFlow!A1 Rdim=2 Cdim=1   par=wsi_par rng=wp!A1 Rdim=3 Cdim=1  par=b rng=Budget!A1 Rdim=0   par=InitSTOR rng=InStor!A1 Rdim=1   par=InitD rng=InitD!A1 Rdim=2  par=InitC rng=InitC!A1 Rdim=2  par=CMax   rng=CMax!A1 Rdim=2   par=SimLink  rng=SimLinks!A1 Rdim=2  par=LinkExistSim   rng=Connect_sim!A1 Cdim=1  Rdim=1  set= MassBalanceNodes rng=MassBalanceNodes!A1  Rdim=1  Set=run  rng=Runs!A1 Rdim=1   par=DValue  rng=DemandRuns!A1  Rdim=1    set=Qrun  rng=Qrun!A1  Rdim=1   par=QLoop   rng=QRunValues!A1  Rdim=1  par=g rng=NaturalGrowth!A1  Rdim=3  Cdim=1   par=maxrv  rng=Revegetate!A1 Rdim=3 Cdim=1   par=minrv

GDXXRW           51.1.0 2d039df5 Sep 13, 2025          WEI x86 64bit/MS Window
Input file : C:\Users\Skool\OneDrive - USU\2025 Fall\6410 - System Analysis\gms files\HW7\WASH_1yr_InputData.xlsx
Output file: C:\Users\Skool\OneDrive - USU\2025 Fall\6410 - System Analysis\gms files\HW7\WASH-Data.gdx
Total time = 5985 Ms
--- WASH-CEE6410.gms(234) 2 Mb
--- GDXin=C:\Users\Skool\OneDrive - USU\2025 Fall\6410 - System Analysis\gms files\HW7\WASH-Data.gdx
--- GDX File ($gdxIn) C:\Users\Skool\OneDrive - USU\2025 Fall\6410 - System Analysis\gms files\HW7\WASH-Data.gdx
--- WASH-CEE6410.gms(522) 3 Mb
--- $echo File C:\Users\Skool\OneDrive - USU\2025 Fall\6410 - System Analysis\gms files\HW7\baron.opt
--- WASH-CEE6410.gms(1175) 3 Mb
--- Starting execution: elapsed 0:00:06.254
--- WASH-CEE6410.gms(517) 4 Mb
--- Generating NLP model WASH
--- WASH-CEE6410.gms(547) 7 Mb
---   3,780 rows  3,505 columns  7,172 non-zeroes
---   540 nl-code  60 nl-non-zeroes
--- Range statistics (absolute non-zero finite values)
--- RHS       [min, max] : [ 2.000E-02, 1.000E+05] - Zero values observed as well
--- Bound     [min, max] : [ 2.234E-01, 2.451E+02] - Zero values observed as well
--- Matrix    [min, max] : [ 3.000E-06, 1.184E+02]
--- WASH-CEE6410.gms(547) 5 Mb
--- Executing CONOPT (Solvelink=2): elapsed 0:00:06.376

CONOPT 4         51.1.0 2d039df5 Sep 13, 2025          WEI x86 64bit/MS Window

 
 
    C O N O P T   version 4.38.1
    Copyright (C) GAMS Software GmbH
                  GAMS Development Corporation
 
    Will use up to 4 threads.
 
 
    The user model has 3780 constraints and 3505 variables
    with 7172 Jacobian elements, 60 of which are nonlinear.
    The Hessian of the Lagrangian has 60 elements on the diagonal,
    0 elements below the diagonal, and 60 nonlinear variables.
 
    Iter Phase   Ninf   Infeasibility   RGmax      NSB   Step  InItr MX OK
       0   0          1.0097503879E+03 (Input point)
 
    The pre-triangular part of the model has 2101 constraints and 1474 variables.
    The post-triangular part of the model has 1258 constraints and variables.
 
    Preprocessed model has 421 constraints and 773 variables
    with 1289 Jacobian elements, 14 of which are nonlinear.
 
    Iter Phase   Ninf   Infeasibility   RGmax      NSB   Step  InItr MX OK
                      2.9078691564E+02 (Full preprocessed model)
                      2.9274556068E+01 (After scaling)
                      1.0789689314E+01 (After adjusting individual variables)
       1   0          8.2799192973E+00                 1.0E+00     4 T  T
       2   0          8.2798531991E+00                 1.0E+00     1 T  T
       3   1       7  2.0626950494E+00 2.0E+00      26 1.0E+00    25 T  T
       4   1       2  3.7745595457E-01 1.0E+00      25 1.0E+00    21 T  T
       5   1       1  4.4635586637E-02 1.0E+00       5 1.0E+00     5 T  T
 
 ** Feasible solution. Value of objective =    0.00000000000
 
    Iter Phase   Ninf     Objective     RGmax      NSB   Step  InItr MX OK
       6   3          5.3687091200E+14 1.0E+00       1 5.4E+17     1 F  F
       7   4          8.0998656654E+14 2.8E+14       1 1.7E+00     1 F  T
       8   4          9.4434635386E+14 2.8E+14       1 7.1E-01     1 F  T
       9   4          9.8369942444E+14 2.8E+14       1 7.1E-01     1 F  F
      10   4          9.9522567196E+14 5.6E+14       1 7.1E-01     1 F  F
      11   4          9.9860163169E+14 5.6E+14       1 7.1E-01     1 F  F
      12   4          9.9959042741E+14 5.6E+14       1 7.1E-01     1 F  F
      13   4          9.9988003896E+14 5.6E+14       1 7.1E-01     1 F  F
      14   4          9.9996486423E+14 5.6E+14       1 7.1E-01     1 F  F
      15   4          9.9998970897E+14 5.6E+14       1 7.1E-01     1 F  F
 
    Iter Phase   Ninf     Objective     RGmax      NSB   Step  InItr MX OK
      16   4          9.9999698583E+14 5.6E+14       1 7.1E-01     1 F  F
      17   4          9.9999911717E+14 5.6E+14       1 7.1E-01     1 F  F
      18   4          9.9999974142E+14 5.6E+14       1 7.1E-01     1 F  F
      19   4          9.9999992427E+14 5.6E+14       1 7.1E-01     1 F  F
      20   4          9.9999997782E+14 5.6E+14       1 7.1E-01     1 F  F
      21   4          9.9999999350E+14 5.6E+14       1
 
 ** Unbounded solution. A variable has reached 'Infinity'.
    Largest legal value (Lim_Variable) is 1.00E+15
 
--- Reading solution for model WASH
--- Executing after solve: elapsed 0:00:06.682
--- WASH-CEE6410.gms(576) 5 Mb
--- GDX File (execute_unload) C:\Users\Skool\OneDrive - USU\2025 Fall\6410 - System Analysis\gms files\HW7\WASH-solution.gdx
--- WASH-CEE6410.gms(579) 5 Mb

GDXXRW           51.1.0 2d039df5 Sep 13, 2025          WEI x86 64bit/MS Window
Input file : C:\Users\Skool\OneDrive - USU\2025 Fall\6410 - System Analysis\gms files\HW7\WASH-solution.gdx
Output file: C:\Users\Skool\OneDrive - USU\2025 Fall\6410 - System Analysis\gms files\HW7\WASH-solution.xlsx
Writing to an .XLSX file while there is also a file with the same name with an .XLS file extension
Use the option "Output" to override the default output file
Total time = 5172 Ms
*** Status: Normal completion
--- Job WASH-CEE6410.gms Stop 10/30/25 23:23:54 elapsed 0:00:12.044
Cannot delete directory: 225c
Cannot delete directory: 225c
Cannot delete directory: 225c
Cannot delete directory: 225c
Cannot delete directory: 225c
*** Error: Cannot delete process directory: 225c
